Using pre-set license
Built from '2020.2/staging' branch; Version is '2020.2.3f1 (8ff31bc5bf5b) revision 9433883'; Using compiler version '192528614'; Build Type 'Release'
OS: 'Windows 10 Home; OS build 19044.2604; Version 2009; 64bit' Language: 'en' Physical Memory: 32666 MB
BatchMode: 1, IsHumanControllingUs: 0, StartBugReporterOnCrash: 0, Is64bit: 1, IsPro: 0

 COMMAND LINE ARGUMENTS:
C:\Program Files\Unity\Hub\Editor\2020.2.3f1\Editor\Unity.exe
-adb2
-batchMode
-noUpm
-name
AssetImportWorker0
-projectPath
C:/BattleTowerFolder/BattleTowers Backup
-logFile
Logs/AssetImportWorker0.log
-srvPort
50322
Successfully changed project path to: C:/BattleTowerFolder/BattleTowers Backup
C:/BattleTowerFolder/BattleTowers Backup
Using Asset Import Pipeline V2.
Refreshing native plugins compatible for Editor in 85.60 ms, found 0 plugins.
Preloading 0 native plugins for Editor in 0.00 ms.
Initialize engine version: 2020.2.3f1 (8ff31bc5bf5b)
[Subsystems] Discovering subsystems at path C:/Program Files/Unity/Hub/Editor/2020.2.3f1/Editor/Data/Resources/UnitySubsystems
[Subsystems] Discovering subsystems at path C:/BattleTowerFolder/BattleTowers Backup/Assets
GfxDevice: creating device client; threaded=0
Direct3D:
    Version:  Direct3D 11.0 [level 11.1]
    Renderer: NVIDIA GeForce RTX 2080 with Max-Q Design (ID=0x1e90)
    Vendor:   
    VRAM:     8002 MB
    Driver:   31.0.15.2849
Shader 'WFX/Transparent Specular': fallback shader 'Particles/Alpha Blended' not found
Shader 'WFX/Transparent Diffuse': fallback shader 'Particles/Alpha Blended' not found
Initialize mono
Mono path[0] = 'C:/Program Files/Unity/Hub/Editor/2020.2.3f1/Editor/Data/Managed'
Mono path[1] = 'C:/Program Files/Unity/Hub/Editor/2020.2.3f1/Editor/Data/MonoBleedingEdge/lib/mono/unityjit'
Mono config path = 'C:/Program Files/Unity/Hub/Editor/2020.2.3f1/Editor/Data/MonoBleedingEdge/etc'
Using monoOptions --debugger-agent=transport=dt_socket,embedding=1,server=y,suspend=n,address=127.0.0.1:56712
Begin MonoManager ReloadAssembly
Registering precompiled unity dll's ...
Register platform support module: C:/Program Files/Unity/Hub/Editor/2020.2.3f1/Editor/Data/PlaybackEngines/WindowsStandaloneSupport/UnityEditor.WindowsStandalone.Extensions.dll
Registered in 0.001987 seconds.
Native extension for WindowsStandalone target not found
Refreshing native plugins compatible for Editor in 87.21 ms, found 0 plugins.
Preloading 0 native plugins for Editor in 0.00 ms.
Invoked RoslynAnalysisRunner static constructor.
RoslynAnalysisRunner will not be running.
RoslynAnalysisRunner has terminated.
Mono: successfully reloaded assembly
- Completed reload, in  1.198 seconds
Platform modules already initialized, skipping
Registering precompiled user dll's ...
Registered in 0.003114 seconds.
Begin MonoManager ReloadAssembly
Native extension for WindowsStandalone target not found
Refreshing native plugins compatible for Editor in 80.23 ms, found 0 plugins.
Preloading 0 native plugins for Editor in 0.00 ms.
Invoked RoslynAnalysisRunner static constructor.
RoslynAnalysisRunner will not be running.
RoslynAnalysisRunner has terminated.
Mono: successfully reloaded assembly
- Completed reload, in  1.066 seconds
Platform modules already initialized, skipping
========================================================================
Worker process is ready to serve import requests
Shader 'WFX/Transparent Specular': fallback shader 'Particles/Alpha Blended' not found
Shader 'WFX/Transparent Diffuse': fallback shader 'Particles/Alpha Blended' not found
Launched and connected shader compiler UnityShaderCompiler.exe after 0.05 seconds
Refreshing native plugins compatible for Editor in 0.69 ms, found 0 plugins.
Preloading 0 native plugins for Editor in 0.00 ms.
Unloading 3525 Unused Serialized files (Serialized files now loaded: 0)
System memory in use before: 162.0 MB.
System memory in use after: 157.7 MB.

Unloading 84 unused Assets to reduce memory usage. Loaded Objects now: 3916.
Total: 4.790200 ms (FindLiveObjects: 0.333300 ms CreateObjectMapping: 0.197300 ms MarkObjects: 1.919500 ms  DeleteObjects: 2.339400 ms)

========================================================================
Received Import Request.
  path: Assets/Colored_Smoke_FX_Pack/Materials/M_Flame02.mat
  artifactKey: Guid(d2079ca227ac5df4b9960ce2dabae88e) Importer(815301076,1909f56bfc062723c751e8b465ee728b)
Start importing Assets/Colored_Smoke_FX_Pack/Materials/M_Flame02.mat using Guid(d2079ca227ac5df4b9960ce2dabae88e) Importer(815301076,1909f56bfc062723c751e8b465ee728b)  -> (artifact id: '175264c335ddf6c0aede309656026b5a') in 0.111859 seconds
  Import took 0.117810 seconds .

========================================================================
Received Import Request.
  Time since last request: 15.101039 seconds.
  path: Assets/Colored_Smoke_FX_Pack/Materials/M_Flame01.mat
  artifactKey: Guid(81bb699df376850488f8c23cbe5927bf) Importer(815301076,1909f56bfc062723c751e8b465ee728b)
Start importing Assets/Colored_Smoke_FX_Pack/Materials/M_Flame01.mat using Guid(81bb699df376850488f8c23cbe5927bf) Importer(815301076,1909f56bfc062723c751e8b465ee728b)  -> (artifact id: '3e5cd10ae934e6486f5e22a1ecbf3d54') in 0.029042 seconds
  Import took 0.034354 seconds .

========================================================================
Received Import Request.
  Time since last request: 0.000285 seconds.
  path: Assets/Colored_Smoke_FX_Pack/Materials/M_Fume_Red.mat
  artifactKey: Guid(9e87df7592d6a3b4a9517fd80d8b683b) Importer(815301076,1909f56bfc062723c751e8b465ee728b)
Start importing Assets/Colored_Smoke_FX_Pack/Materials/M_Fume_Red.mat using Guid(9e87df7592d6a3b4a9517fd80d8b683b) Importer(815301076,1909f56bfc062723c751e8b465ee728b)  -> (artifact id: '2e1061b6db0d7e721fc42e9e4c2b6681') in 0.031911 seconds
  Import took 0.036933 seconds .

========================================================================
Received Import Request.
  Time since last request: 0.000293 seconds.
  path: Assets/Colored_Smoke_FX_Pack/Materials/M_Flame03.mat
  artifactKey: Guid(b1733bf87f5881042b6aaad83258c101) Importer(815301076,1909f56bfc062723c751e8b465ee728b)
Start importing Assets/Colored_Smoke_FX_Pack/Materials/M_Flame03.mat using Guid(b1733bf87f5881042b6aaad83258c101) Importer(815301076,1909f56bfc062723c751e8b465ee728b)  -> (artifact id: 'f6c5697895828fb839469f6ef982be4f') in 0.025066 seconds
  Import took 0.030305 seconds .

========================================================================
Received Import Request.
  Time since last request: 0.000267 seconds.
  path: Assets/Colored_Smoke_FX_Pack/Materials/M_Flare_Purple.mat
  artifactKey: Guid(b0d5a480b4ff85d4eb8f9caa91f7d28b) Importer(815301076,1909f56bfc062723c751e8b465ee728b)
Start importing Assets/Colored_Smoke_FX_Pack/Materials/M_Flare_Purple.mat using Guid(b0d5a480b4ff85d4eb8f9caa91f7d28b) Importer(815301076,1909f56bfc062723c751e8b465ee728b)  -> (artifact id: 'bccee3f63cbc0a92a76effb257ad8ca9') in 0.021667 seconds
  Import took 0.026477 seconds .

========================================================================
Received Import Request.
  Time since last request: 0.000304 seconds.
  path: Assets/Colored_Smoke_FX_Pack/Materials/M_Noise01.mat
  artifactKey: Guid(3dcbc2051a04072468249f30b45f6e0e) Importer(815301076,1909f56bfc062723c751e8b465ee728b)
Start importing Assets/Colored_Smoke_FX_Pack/Materials/M_Noise01.mat using Guid(3dcbc2051a04072468249f30b45f6e0e) Importer(815301076,1909f56bfc062723c751e8b465ee728b)  -> (artifact id: '15cbef8ddb4f635abef01c8570be926f') in 0.016855 seconds
  Import took 0.021829 seconds .

========================================================================
Received Import Request.
  Time since last request: 0.000250 seconds.
  path: Assets/Colored_Smoke_FX_Pack/Materials/M_Smoke_Green.mat
  artifactKey: Guid(17e517ef607f64d4aaf1bb1343580c8a) Importer(815301076,1909f56bfc062723c751e8b465ee728b)
Start importing Assets/Colored_Smoke_FX_Pack/Materials/M_Smoke_Green.mat using Guid(17e517ef607f64d4aaf1bb1343580c8a) Importer(815301076,1909f56bfc062723c751e8b465ee728b)  -> (artifact id: 'd28c0412a0f8f927587fb125dc081fdd') in 0.019420 seconds
  Import took 0.025004 seconds .

========================================================================
Received Import Request.
  Time since last request: 0.000257 seconds.
  path: Assets/Colored_Smoke_FX_Pack/Materials/M_Smoke.mat
  artifactKey: Guid(b5964fa8877679047be5feff5c6b7e8e) Importer(815301076,1909f56bfc062723c751e8b465ee728b)
Start importing Assets/Colored_Smoke_FX_Pack/Materials/M_Smoke.mat using Guid(b5964fa8877679047be5feff5c6b7e8e) Importer(815301076,1909f56bfc062723c751e8b465ee728b)  -> (artifact id: '7679009a686ee95e60ed010f27a26bf0') in 0.021533 seconds
  Import took 0.027628 seconds .

AssetImportWorkerClient::OnTransportError - code=2 error=End of file
