Using pre-set license
Built from '2020.2/staging' branch; Version is '2020.2.3f1 (8ff31bc5bf5b) revision 9433883'; Using compiler version '192528614'; Build Type 'Release'
OS: 'Windows 10 Home; OS build 22621.1555; Version 2009; 64bit' Language: 'en' Physical Memory: 65349 MB
BatchMode: 1, IsHumanControllingUs: 0, StartBugReporterOnCrash: 0, Is64bit: 1, IsPro: 0

 COMMAND LINE ARGUMENTS:
C:\Program Files\Unity\Hub\Editor\2020.2.3f1\Editor\Unity.exe
-adb2
-batchMode
-noUpm
-name
AssetImportWorker0
-projectPath
C:/game dev/BattleTowers Backup
-logFile
Logs/AssetImportWorker0.log
-srvPort
56475
Successfully changed project path to: C:/game dev/BattleTowers Backup
C:/game dev/BattleTowers Backup
Using Asset Import Pipeline V2.
Refreshing native plugins compatible for Editor in 47.00 ms, found 0 plugins.
Preloading 0 native plugins for Editor in 0.00 ms.
Initialize engine version: 2020.2.3f1 (8ff31bc5bf5b)
[Subsystems] Discovering subsystems at path C:/Program Files/Unity/Hub/Editor/2020.2.3f1/Editor/Data/Resources/UnitySubsystems
[Subsystems] Discovering subsystems at path C:/game dev/BattleTowers Backup/Assets
GfxDevice: creating device client; threaded=0
Direct3D:
    Version:  Direct3D 11.0 [level 11.1]
    Renderer: NVIDIA GeForce RTX 4070 Ti (ID=0x2782)
    Vendor:   
    VRAM:     12010 MB
    Driver:   31.0.15.3141
Shader 'WFX/Transparent Specular': fallback shader 'Particles/Alpha Blended' not found
Shader 'WFX/Transparent Diffuse': fallback shader 'Particles/Alpha Blended' not found
Initialize mono
Mono path[0] = 'C:/Program Files/Unity/Hub/Editor/2020.2.3f1/Editor/Data/Managed'
Mono path[1] = 'C:/Program Files/Unity/Hub/Editor/2020.2.3f1/Editor/Data/MonoBleedingEdge/lib/mono/unityjit'
Mono config path = 'C:/Program Files/Unity/Hub/Editor/2020.2.3f1/Editor/Data/MonoBleedingEdge/etc'
Using monoOptions --debugger-agent=transport=dt_socket,embedding=1,server=y,suspend=n,address=127.0.0.1:56532
Begin MonoManager ReloadAssembly
Registering precompiled unity dll's ...
Register platform support module: C:/Program Files/Unity/Hub/Editor/2020.2.3f1/Editor/Data/PlaybackEngines/WindowsStandaloneSupport/UnityEditor.WindowsStandalone.Extensions.dll
Registered in 0.000691 seconds.
Native extension for WindowsStandalone target not found
Refreshing native plugins compatible for Editor in 45.45 ms, found 0 plugins.
Preloading 0 native plugins for Editor in 0.00 ms.
Invoked RoslynAnalysisRunner static constructor.
RoslynAnalysisRunner will not be running.
RoslynAnalysisRunner has terminated.
Mono: successfully reloaded assembly
- Completed reload, in  0.464 seconds
Platform modules already initialized, skipping
Registering precompiled user dll's ...
Registered in 0.001214 seconds.
Begin MonoManager ReloadAssembly
Native extension for WindowsStandalone target not found
Refreshing native plugins compatible for Editor in 46.60 ms, found 0 plugins.
Preloading 0 native plugins for Editor in 0.00 ms.
Invoked RoslynAnalysisRunner static constructor.
RoslynAnalysisRunner will not be running.
RoslynAnalysisRunner has terminated.
Mono: successfully reloaded assembly
- Completed reload, in  0.543 seconds
Platform modules already initialized, skipping
========================================================================
Worker process is ready to serve import requests
Shader 'WFX/Transparent Specular': fallback shader 'Particles/Alpha Blended' not found
Shader 'WFX/Transparent Diffuse': fallback shader 'Particles/Alpha Blended' not found
Launched and connected shader compiler UnityShaderCompiler.exe after 0.02 seconds
Refreshing native plugins compatible for Editor in 0.45 ms, found 0 plugins.
Preloading 0 native plugins for Editor in 0.00 ms.
Unloading 3525 Unused Serialized files (Serialized files now loaded: 0)
System memory in use before: 162.1 MB.
System memory in use after: 157.8 MB.

Unloading 82 unused Assets to reduce memory usage. Loaded Objects now: 3919.
Total: 4.554100 ms (FindLiveObjects: 0.264400 ms CreateObjectMapping: 0.062300 ms MarkObjects: 1.744800 ms  DeleteObjects: 2.481000 ms)

========================================================================
Received Import Request.
  path: Assets/scripts/Bullet.cs
  artifactKey: Guid(6baff024183ed874c91c80c29cc28294) Importer(815301076,1909f56bfc062723c751e8b465ee728b)
Start importing Assets/scripts/Bullet.cs using Guid(6baff024183ed874c91c80c29cc28294) Importer(815301076,1909f56bfc062723c751e8b465ee728b)  -> (artifact id: 'c48d62bbb2534238246e4b0ad2145b91') in 0.050414 seconds
  Import took 0.054307 seconds .

========================================================================
Received Import Request.
  Time since last request: 12.610136 seconds.
  path: Assets/scripts/GroundTroop.cs
  artifactKey: Guid(68d130948c4f9b649aeff5078379151b) Importer(815301076,1909f56bfc062723c751e8b465ee728b)
Start importing Assets/scripts/GroundTroop.cs using Guid(68d130948c4f9b649aeff5078379151b) Importer(815301076,1909f56bfc062723c751e8b465ee728b)  -> (artifact id: 'db06b4d3ca09a664215ffe302f7b97ed') in 0.005293 seconds
  Import took 0.008073 seconds .

========================================================================
Received Import Request.
  Time since last request: 7.867531 seconds.
  path: Assets/scripts/LevelManager.cs
  artifactKey: Guid(19b09db1d29e28e4e8906594647eaa0f) Importer(815301076,1909f56bfc062723c751e8b465ee728b)
Start importing Assets/scripts/LevelManager.cs using Guid(19b09db1d29e28e4e8906594647eaa0f) Importer(815301076,1909f56bfc062723c751e8b465ee728b)  -> (artifact id: 'b9a859b3928ef8b724442a7a80baf250') in 0.005049 seconds
  Import took 0.007851 seconds .

